Apache Maven 3.1.0 (893ca28a1da9d5f51ac03827af98bb730128f9f2; 2013-06-28 06:15:32+0400)
Maven home: /home/nemo/apache-maven-3.1.0
Java version: 1.7.0_25, vendor: Oracle Corporation
Java home: /usr/lib/jvm/java-7-oracle/jre
Default locale: en_US, platform encoding: UTF-8
OS name: "linux", version: "3.2.0-51-generic", arch: "amd64", family: "unix"
[INFO] Error stacktraces are turned on.
[DEBUG] Reading global settings from /home/nemo/apache-maven-3.1.0/conf/settings.xml
[DEBUG] Reading user settings from /home/nemo/.m2/settings.xml
[DEBUG] Using local repository at /home/nemo/.m2/repository
[DEBUG] Using manager EnhancedLocalRepositoryManager with priority 10.0 for /home/nemo/.m2/repository
[INFO] Scanning for projects...
[DEBUG] Extension realms for project demo:exec-java-bug:jar:1.0-SNAPSHOT: (none)
[DEBUG] Looking up lifecyle mappings for packaging jar from ClassRealm[plexus.core, parent: null]
[DEBUG] === REACTOR BUILD PLAN ================================================
[DEBUG] Project: demo:exec-java-bug:jar:1.0-SNAPSHOT
[DEBUG] Tasks:   [clean, package]
[DEBUG] Style:   Regular
[DEBUG] =======================================================================
[INFO]                                                                         
[INFO] ------------------------------------------------------------------------
[INFO] Building exec-java-bug 1.0-SNAPSHOT
[INFO] ------------------------------------------------------------------------
[DEBUG] Lifecycle default -> [validate, initialize, generate-sources, process-sources, generate-resources, process-resources, compile, process-classes, generate-test-sources, process-test-sources, generate-test-resources, process-test-resources, test-compile, process-test-classes, test, prepare-package, package, pre-integration-test, integration-test, post-integration-test, verify, install, deploy]
[DEBUG] Lifecycle clean -> [pre-clean, clean, post-clean]
[DEBUG] Lifecycle site -> [pre-site, site, post-site, site-deploy]
[DEBUG] Lifecycle default -> [validate, initialize, generate-sources, process-sources, generate-resources, process-resources, compile, process-classes, generate-test-sources, process-test-sources, generate-test-resources, process-test-resources, test-compile, process-test-classes, test, prepare-package, package, pre-integration-test, integration-test, post-integration-test, verify, install, deploy]
[DEBUG] Lifecycle clean -> [pre-clean, clean, post-clean]
[DEBUG] Lifecycle site -> [pre-site, site, post-site, site-deploy]
[DEBUG] Lifecycle default -> [validate, initialize, generate-sources, process-sources, generate-resources, process-resources, compile, process-classes, generate-test-sources, process-test-sources, generate-test-resources, process-test-resources, test-compile, process-test-classes, test, prepare-package, package, pre-integration-test, integration-test, post-integration-test, verify, install, deploy]
[DEBUG] Lifecycle clean -> [pre-clean, clean, post-clean]
[DEBUG] Lifecycle site -> [pre-site, site, post-site, site-deploy]
[DEBUG] Lifecycle default -> [validate, initialize, generate-sources, process-sources, generate-resources, process-resources, compile, process-classes, generate-test-sources, process-test-sources, generate-test-resources, process-test-resources, test-compile, process-test-classes, test, prepare-package, package, pre-integration-test, integration-test, post-integration-test, verify, install, deploy]
[DEBUG] Lifecycle clean -> [pre-clean, clean, post-clean]
[DEBUG] Lifecycle site -> [pre-site, site, post-site, site-deploy]
[DEBUG] Lifecycle default -> [validate, initialize, generate-sources, process-sources, generate-resources, process-resources, compile, process-classes, generate-test-sources, process-test-sources, generate-test-resources, process-test-resources, test-compile, process-test-classes, test, prepare-package, package, pre-integration-test, integration-test, post-integration-test, verify, install, deploy]
[DEBUG] Lifecycle clean -> [pre-clean, clean, post-clean]
[DEBUG] Lifecycle site -> [pre-site, site, post-site, site-deploy]
[DEBUG] Lifecycle default -> [validate, initialize, generate-sources, process-sources, generate-resources, process-resources, compile, process-classes, generate-test-sources, process-test-sources, generate-test-resources, process-test-resources, test-compile, process-test-classes, test, prepare-package, package, pre-integration-test, integration-test, post-integration-test, verify, install, deploy]
[DEBUG] Lifecycle clean -> [pre-clean, clean, post-clean]
[DEBUG] Lifecycle site -> [pre-site, site, post-site, site-deploy]
[DEBUG] Lifecycle default -> [validate, initialize, generate-sources, process-sources, generate-resources, process-resources, compile, process-classes, generate-test-sources, process-test-sources, generate-test-resources, process-test-resources, test-compile, process-test-classes, test, prepare-package, package, pre-integration-test, integration-test, post-integration-test, verify, install, deploy]
[DEBUG] Lifecycle clean -> [pre-clean, clean, post-clean]
[DEBUG] Lifecycle site -> [pre-site, site, post-site, site-deploy]
[DEBUG] Lifecycle default -> [validate, initialize, generate-sources, process-sources, generate-resources, process-resources, compile, process-classes, generate-test-sources, process-test-sources, generate-test-resources, process-test-resources, test-compile, process-test-classes, test, prepare-package, package, pre-integration-test, integration-test, post-integration-test, verify, install, deploy]
[DEBUG] Lifecycle clean -> [pre-clean, clean, post-clean]
[DEBUG] Lifecycle site -> [pre-site, site, post-site, site-deploy]
[DEBUG] Lifecycle default -> [validate, initialize, generate-sources, process-sources, generate-resources, process-resources, compile, process-classes, generate-test-sources, process-test-sources, generate-test-resources, process-test-resources, test-compile, process-test-classes, test, prepare-package, package, pre-integration-test, integration-test, post-integration-test, verify, install, deploy]
[DEBUG] Lifecycle clean -> [pre-clean, clean, post-clean]
[DEBUG] Lifecycle site -> [pre-site, site, post-site, site-deploy]
[DEBUG] === PROJECT BUILD PLAN ================================================
[DEBUG] Project:       demo:exec-java-bug:1.0-SNAPSHOT
[DEBUG] Dependencies (collect): []
[DEBUG] Dependencies (resolve): [compile, runtime, test]
[DEBUG] Repositories (dependencies): [central (http://repo.maven.apache.org/maven2, releases)]
[DEBUG] Repositories (plugins)     : [central (http://repo.maven.apache.org/maven2, releases)]
[DEBUG] -----------------------------------------------------------------------
[DEBUG] Goal:          org.apache.maven.plugins:maven-clean-plugin:2.5:clean (default-clean)
[DEBUG] Style:         Regular
[DEBUG] Configuration: <?xml version="1.0" encoding="UTF-8"?>
<configuration>
  <directory default-value="${project.build.directory}"/>
  <excludeDefaultDirectories default-value="false">${clean.excludeDefaultDirectories}</excludeDefaultDirectories>
  <failOnError default-value="true">${maven.clean.failOnError}</failOnError>
  <followSymLinks default-value="false">${clean.followSymLinks}</followSymLinks>
  <outputDirectory default-value="${project.build.outputDirectory}"/>
  <reportDirectory default-value="${project.reporting.outputDirectory}"/>
  <retryOnError default-value="true">${maven.clean.retryOnError}</retryOnError>
  <skip default-value="false">${clean.skip}</skip>
  <testOutputDirectory default-value="${project.build.testOutputDirectory}"/>
  <verbose>${clean.verbose}</verbose>
</configuration>
[DEBUG] -----------------------------------------------------------------------
[DEBUG] Goal:          org.apache.maven.plugins:maven-resources-plugin:2.6:resources (default-resources)
[DEBUG] Style:         Regular
[DEBUG] Configuration: <?xml version="1.0" encoding="UTF-8"?>
<configuration>
  <buildFilters default-value="${project.build.filters}"/>
  <encoding default-value="${project.build.sourceEncoding}">${encoding}</encoding>
  <escapeString>${maven.resources.escapeString}</escapeString>
  <escapeWindowsPaths default-value="true">${maven.resources.escapeWindowsPaths}</escapeWindowsPaths>
  <includeEmptyDirs default-value="false">${maven.resources.includeEmptyDirs}</includeEmptyDirs>
  <outputDirectory default-value="${project.build.outputDirectory}"/>
  <overwrite default-value="false">${maven.resources.overwrite}</overwrite>
  <project default-value="${project}"/>
  <resources default-value="${project.resources}"/>
  <session default-value="${session}"/>
  <supportMultiLineFiltering default-value="false">${maven.resources.supportMultiLineFiltering}</supportMultiLineFiltering>
  <useBuildFilters default-value="true"/>
  <useDefaultDelimiters default-value="true"/>
</configuration>
[DEBUG] -----------------------------------------------------------------------
[DEBUG] Goal:          org.apache.maven.plugins:maven-compiler-plugin:2.5.1:compile (default-compile)
[DEBUG] Style:         Regular
[DEBUG] Configuration: <?xml version="1.0" encoding="UTF-8"?>
<configuration>
  <basedir default-value="${basedir}"/>
  <buildDirectory default-value="${project.build.directory}"/>
  <classpathElements default-value="${project.compileClasspathElements}"/>
  <compileSourceRoots default-value="${project.compileSourceRoots}"/>
  <compilerId default-value="javac">${maven.compiler.compilerId}</compilerId>
  <compilerReuseStrategy default-value="${reuseCreated}">${maven.compiler.compilerReuseStrategy}</compilerReuseStrategy>
  <compilerVersion>${maven.compiler.compilerVersion}</compilerVersion>
  <debug default-value="true">${maven.compiler.debug}</debug>
  <debuglevel>${maven.compiler.debuglevel}</debuglevel>
  <encoding default-value="${project.build.sourceEncoding}">${encoding}</encoding>
  <executable>${maven.compiler.executable}</executable>
  <failOnError default-value="true">${maven.compiler.failOnError}</failOnError>
  <fork default-value="false">${maven.compiler.fork}</fork>
  <generatedSourcesDirectory default-value="${project.build.directory}/generated-sources/annotations"/>
  <maxmem>${maven.compiler.maxmem}</maxmem>
  <meminitial>${maven.compiler.meminitial}</meminitial>
  <optimize default-value="false">${maven.compiler.optimize}</optimize>
  <outputDirectory default-value="${project.build.outputDirectory}"/>
  <outputFileName>${project.build.finalName}</outputFileName>
  <projectArtifact default-value="${project.artifact}"/>
  <session default-value="${session}"/>
  <showDeprecation default-value="false">${maven.compiler.showDeprecation}</showDeprecation>
  <showWarnings default-value="false">${maven.compiler.showWarnings}</showWarnings>
  <skipMultiThreadWarning default-value="${false}">${maven.compiler.skipMultiThreadWarning}</skipMultiThreadWarning>
  <source default-value="1.5">${maven.compiler.source}</source>
  <staleMillis default-value="0">${lastModGranularityMs}</staleMillis>
  <target default-value="1.5">${maven.compiler.target}</target>
  <verbose default-value="false">${maven.compiler.verbose}</verbose>
</configuration>
[DEBUG] -----------------------------------------------------------------------
[DEBUG] Goal:          org.apache.maven.plugins:maven-resources-plugin:2.6:testResources (default-testResources)
[DEBUG] Style:         Regular
[DEBUG] Configuration: <?xml version="1.0" encoding="UTF-8"?>
<configuration>
  <buildFilters default-value="${project.build.filters}"/>
  <encoding default-value="${project.build.sourceEncoding}">${encoding}</encoding>
  <escapeString>${maven.resources.escapeString}</escapeString>
  <escapeWindowsPaths default-value="true">${maven.resources.escapeWindowsPaths}</escapeWindowsPaths>
  <includeEmptyDirs default-value="false">${maven.resources.includeEmptyDirs}</includeEmptyDirs>
  <outputDirectory default-value="${project.build.testOutputDirectory}"/>
  <overwrite default-value="false">${maven.resources.overwrite}</overwrite>
  <project default-value="${project}"/>
  <resources default-value="${project.testResources}"/>
  <session default-value="${session}"/>
  <skip>${maven.test.skip}</skip>
  <supportMultiLineFiltering default-value="false">${maven.resources.supportMultiLineFiltering}</supportMultiLineFiltering>
  <useBuildFilters default-value="true"/>
  <useDefaultDelimiters default-value="true"/>
</configuration>
[DEBUG] -----------------------------------------------------------------------
[DEBUG] Goal:          org.apache.maven.plugins:maven-compiler-plugin:2.5.1:testCompile (default-testCompile)
[DEBUG] Style:         Regular
[DEBUG] Configuration: <?xml version="1.0" encoding="UTF-8"?>
<configuration>
  <basedir default-value="${basedir}"/>
  <buildDirectory default-value="${project.build.directory}"/>
  <classpathElements default-value="${project.testClasspathElements}"/>
  <compileSourceRoots default-value="${project.testCompileSourceRoots}"/>
  <compilerId default-value="javac">${maven.compiler.compilerId}</compilerId>
  <compilerReuseStrategy default-value="${reuseCreated}">${maven.compiler.compilerReuseStrategy}</compilerReuseStrategy>
  <compilerVersion>${maven.compiler.compilerVersion}</compilerVersion>
  <debug default-value="true">${maven.compiler.debug}</debug>
  <debuglevel>${maven.compiler.debuglevel}</debuglevel>
  <encoding default-value="${project.build.sourceEncoding}">${encoding}</encoding>
  <executable>${maven.compiler.executable}</executable>
  <failOnError default-value="true">${maven.compiler.failOnError}</failOnError>
  <fork default-value="false">${maven.compiler.fork}</fork>
  <generatedTestSourcesDirectory default-value="${project.build.directory}/generated-test-sources/test-annotations"/>
  <maxmem>${maven.compiler.maxmem}</maxmem>
  <meminitial>${maven.compiler.meminitial}</meminitial>
  <optimize default-value="false">${maven.compiler.optimize}</optimize>
  <outputDirectory default-value="${project.build.testOutputDirectory}"/>
  <outputFileName>${project.build.finalName}</outputFileName>
  <session default-value="${session}"/>
  <showDeprecation default-value="false">${maven.compiler.showDeprecation}</showDeprecation>
  <showWarnings default-value="false">${maven.compiler.showWarnings}</showWarnings>
  <skip>${maven.test.skip}</skip>
  <skipMultiThreadWarning default-value="${false}">${maven.compiler.skipMultiThreadWarning}</skipMultiThreadWarning>
  <source default-value="1.5">${maven.compiler.source}</source>
  <staleMillis default-value="0">${lastModGranularityMs}</staleMillis>
  <target default-value="1.5">${maven.compiler.target}</target>
  <testSource>${maven.compiler.testSource}</testSource>
  <testTarget>${maven.compiler.testTarget}</testTarget>
  <verbose default-value="false">${maven.compiler.verbose}</verbose>
</configuration>
[DEBUG] -----------------------------------------------------------------------
[DEBUG] Goal:          org.apache.maven.plugins:maven-surefire-plugin:2.12.4:test (default-test)
[DEBUG] Style:         Regular
[DEBUG] Configuration: <?xml version="1.0" encoding="UTF-8"?>
<configuration>
  <argLine>${argLine}</argLine>
  <basedir default-value="${basedir}"/>
  <childDelegation default-value="false">${childDelegation}</childDelegation>
  <classesDirectory default-value="${project.build.outputDirectory}"/>
  <debugForkedProcess>${maven.surefire.debug}</debugForkedProcess>
  <disableXmlReport default-value="false">${disableXmlReport}</disableXmlReport>
  <enableAssertions default-value="true">${enableAssertions}</enableAssertions>
  <excludedGroups>${excludedGroups}</excludedGroups>
  <failIfNoSpecifiedTests>${surefire.failIfNoSpecifiedTests}</failIfNoSpecifiedTests>
  <failIfNoTests>${failIfNoTests}</failIfNoTests>
  <forkMode default-value="once">${forkMode}</forkMode>
  <forkedProcessTimeoutInSeconds>${surefire.timeout}</forkedProcessTimeoutInSeconds>
  <groups>${groups}</groups>
  <junitArtifactName default-value="junit:junit">${junitArtifactName}</junitArtifactName>
  <jvm>${jvm}</jvm>
  <localRepository default-value="${localRepository}"/>
  <objectFactory>${objectFactory}</objectFactory>
  <parallel>${parallel}</parallel>
  <parallelMavenExecution default-value="${session.parallel}"/>
  <perCoreThreadCount default-value="true">${perCoreThreadCount}</perCoreThreadCount>
  <pluginArtifactMap>${plugin.artifactMap}</pluginArtifactMap>
  <pluginDescriptor default-value="${plugin}"/>
  <printSummary default-value="true">${surefire.printSummary}</printSummary>
  <projectArtifactMap>${project.artifactMap}</projectArtifactMap>
  <redirectTestOutputToFile default-value="false">${maven.test.redirectTestOutputToFile}</redirectTestOutputToFile>
  <remoteRepositories default-value="${project.pluginArtifactRepositories}"/>
  <reportFormat default-value="brief">${surefire.reportFormat}</reportFormat>
  <reportNameSuffix default-value="">${surefire.reportNameSuffix}</reportNameSuffix>
  <reportsDirectory default-value="${project.build.directory}/surefire-reports"/>
  <runOrder default-value="filesystem"/>
  <skip default-value="false">${maven.test.skip}</skip>
  <skipExec>${maven.test.skip.exec}</skipExec>
  <skipTests default-value="false">${skipTests}</skipTests>
  <test>${test}</test>
  <testClassesDirectory default-value="${project.build.testOutputDirectory}"/>
  <testFailureIgnore default-value="false">${maven.test.failure.ignore}</testFailureIgnore>
  <testNGArtifactName default-value="org.testng:testng">${testNGArtifactName}</testNGArtifactName>
  <testSourceDirectory default-value="${project.build.testSourceDirectory}"/>
  <threadCount>${threadCount}</threadCount>
  <trimStackTrace default-value="true">${trimStackTrace}</trimStackTrace>
  <useFile default-value="true">${surefire.useFile}</useFile>
  <useManifestOnlyJar default-value="true">${surefire.useManifestOnlyJar}</useManifestOnlyJar>
  <useSystemClassLoader default-value="true">${surefire.useSystemClassLoader}</useSystemClassLoader>
  <useUnlimitedThreads default-value="false">${useUnlimitedThreads}</useUnlimitedThreads>
  <workingDirectory>${basedir}</workingDirectory>
  <project default-value="${project}"/>
  <session default-value="${session}"/>
</configuration>
[DEBUG] -----------------------------------------------------------------------
[DEBUG] Goal:          org.apache.maven.plugins:maven-jar-plugin:2.4:jar (default-jar)
[DEBUG] Style:         Regular
[DEBUG] Configuration: <?xml version="1.0" encoding="UTF-8"?>
<configuration>
  <classesDirectory default-value="${project.build.outputDirectory}"/>
  <defaultManifestFile default-value="${project.build.outputDirectory}/META-INF/MANIFEST.MF"/>
  <finalName default-value="${project.build.finalName}">${jar.finalName}</finalName>
  <forceCreation default-value="false">${jar.forceCreation}</forceCreation>
  <outputDirectory default-value="${project.build.directory}"/>
  <project default-value="${project}"/>
  <session default-value="${session}"/>
  <skipIfEmpty default-value="false">${jar.skipIfEmpty}</skipIfEmpty>
  <useDefaultManifestFile default-value="false">${jar.useDefaultManifestFile}</useDefaultManifestFile>
</configuration>
[DEBUG] =======================================================================
[DEBUG] Dependency collection stats: {ConflictMarker.analyzeTime=1, ConflictMarker.markTime=0, ConflictMarker.nodeCount=2, ConflictIdSorter.graphTime=1, ConflictIdSorter.topsortTime=0, ConflictIdSorter.conflictIdCount=1, ConflictIdSorter.conflictIdCycleCount=0, ConflictResolver.totalTime=4, ConflictResolver.conflictItemCount=1, DefaultDependencyCollector.collectTime=11, DefaultDependencyCollector.transformTime=9}
[DEBUG] demo:exec-java-bug:jar:1.0-SNAPSHOT
[DEBUG]    junit:junit:jar:3.8.1:test
[INFO] 
[INFO] --- maven-clean-plugin:2.5:clean (default-clean) @ exec-java-bug ---
[DEBUG] Created new class realm maven.api
[DEBUG] Importing foreign packages into class realm maven.api
[DEBUG]   Imported: org.apache.maven.wagon.events < plexus.core
[DEBUG]   Imported: org.eclipse.aether.impl < plexus.core
[DEBUG]   Imported: org.apache.maven.exception < plexus.core
[DEBUG]   Imported: org.codehaus.plexus.util.xml.Xpp3Dom < plexus.core
[DEBUG]   Imported: org.eclipse.aether.version < plexus.core
[DEBUG]   Imported: org.eclipse.aether.metadata < plexus.core
[DEBUG]   Imported: org.eclipse.aether.collection < plexus.core
[DEBUG]   Imported: org.apache.maven.monitor < plexus.core
[DEBUG]   Imported: org.apache.maven.wagon.repository < plexus.core
[DEBUG]   Imported: org.apache.maven.repository < plexus.core
[DEBUG]   Imported: org.apache.maven.wagon.resource < plexus.core
[DEBUG]   Imported: org.codehaus.plexus.logging < plexus.core
[DEBUG]   Imported: org.apache.maven.profiles < plexus.core
[DEBUG]   Imported: org.apache.maven.classrealm < plexus.core
[DEBUG]   Imported: org.eclipse.aether.artifact < plexus.core
[DEBUG]   Imported: org.apache.maven.execution < plexus.core
[DEBUG]   Imported: org.apache.maven.reporting < plexus.core
[DEBUG]   Imported: org.apache.maven.usability < plexus.core
[DEBUG]   Imported: org.codehaus.plexus.container < plexus.core
[DEBUG]   Imported: org.codehaus.plexus.component < plexus.core
[DEBUG]   Imported: org.eclipse.aether.transfer < plexus.core
[DEBUG]   Imported: org.apache.maven.wagon.authentication < plexus.core
[DEBUG]   Imported: org.codehaus.plexus.util.xml.pull.XmlSerializer < plexus.core
[DEBUG]   Imported: org.apache.maven.lifecycle < plexus.core
[DEBUG]   Imported: org.eclipse.aether.* < plexus.core
[DEBUG]   Imported: org.eclipse.aether.graph < plexus.core
[DEBUG]   Imported: org.codehaus.plexus.classworlds < plexus.core
[DEBUG]   Imported: org.eclipse.aether.repository < plexus.core
[DEBUG]   Imported: org.eclipse.aether.resolution < plexus.core
[DEBUG]   Imported: javax.inject.* < plexus.core
[DEBUG]   Imported: org.apache.maven.settings < plexus.core
[DEBUG]   Imported: org.codehaus.classworlds < plexus.core
[DEBUG]   Imported: org.apache.maven.wagon.* < plexus.core
[DEBUG]   Imported: org.apache.maven.toolchain < plexus.core
[DEBUG]   Imported: org.eclipse.aether.spi < plexus.core
[DEBUG]   Imported: org.apache.maven.wagon.observers < plexus.core
[DEBUG]   Imported: org.codehaus.plexus.util.xml.pull.XmlPullParserException < plexus.core
[DEBUG]   Imported: org.codehaus.plexus.util.xml.pull.XmlPullParser < plexus.core
[DEBUG]   Imported: org.apache.maven.configuration < plexus.core
[DEBUG]   Imported: org.apache.maven.cli < plexus.core
[DEBUG]   Imported: org.codehaus.plexus.context < plexus.core
[DEBUG]   Imported: org.apache.maven.wagon.authorization < plexus.core
[DEBUG]   Imported: org.apache.maven.project < plexus.core
[DEBUG]   Imported: org.eclipse.aether.installation < plexus.core
[DEBUG]   Imported: org.eclipse.aether.deployment < plexus.core
[DEBUG]   Imported: org.codehaus.plexus.lifecycle < plexus.core
[DEBUG]   Imported: org.apache.maven.rtinfo < plexus.core
[DEBUG]   Imported: org.codehaus.plexus.configuration < plexus.core
[DEBUG]   Imported: org.apache.maven.artifact < plexus.core
[DEBUG]   Imported: org.apache.maven.model < plexus.core
[DEBUG]   Imported: org.slf4j.* < plexus.core
[DEBUG]   Imported: javax.enterprise.inject.* < plexus.core
[DEBUG]   Imported: org.apache.maven.* < plexus.core
[DEBUG]   Imported: org.apache.maven.wagon.proxy < plexus.core
[DEBUG]   Imported: org.apache.maven.plugin < plexus.core
[DEBUG]   Imported: org.codehaus.plexus.* < plexus.core
[DEBUG]   Imported: org.codehaus.plexus.personality < plexus.core
[DEBUG] Populating class realm maven.api
[DEBUG] Dependency collection stats: {ConflictMarker.analyzeTime=0, ConflictMarker.markTime=0, ConflictMarker.nodeCount=3, ConflictIdSorter.graphTime=0, ConflictIdSorter.topsortTime=0, ConflictIdSorter.conflictIdCount=3, ConflictIdSorter.conflictIdCycleCount=0, ConflictResolver.totalTime=0, ConflictResolver.conflictItemCount=3, DefaultDependencyCollector.collectTime=43, DefaultDependencyCollector.transformTime=1}
[DEBUG] org.apache.maven.plugins:maven-clean-plugin:jar:2.5:
[DEBUG]    org.apache.maven:maven-plugin-api:jar:2.0.6:compile
[DEBUG]    org.codehaus.plexus:plexus-utils:jar:3.0:compile
[DEBUG] Created new class realm plugin>org.apache.maven.plugins:maven-clean-plugin:2.5
[DEBUG] Importing foreign packages into class realm plugin>org.apache.maven.plugins:maven-clean-plugin:2.5
[DEBUG]   Imported:  < maven.api
[DEBUG] Populating class realm plugin>org.apache.maven.plugins:maven-clean-plugin:2.5
[DEBUG]   Included: org.apache.maven.plugins:maven-clean-plugin:jar:2.5
[DEBUG]   Included: org.codehaus.plexus:plexus-utils:jar:3.0
[DEBUG]   Excluded: org.apache.maven:maven-plugin-api:jar:2.0.6
[DEBUG] Configuring mojo org.apache.maven.plugins:maven-clean-plugin:2.5:clean from plugin realm ClassRealm[plugin>org.apache.maven.plugins:maven-clean-plugin:2.5, parent: sun.misc.Launcher$AppClassLoader@bb0620c]
[DEBUG] Configuring mojo 'org.apache.maven.plugins:maven-clean-plugin:2.5:clean' with basic configurator -->
[DEBUG]   (f) directory = /home/nemo/workspace/maven-exec-java-quote-bug/target
[DEBUG]   (f) excludeDefaultDirectories = false
[DEBUG]   (f) failOnError = true
[DEBUG]   (f) followSymLinks = false
[DEBUG]   (f) outputDirectory = /home/nemo/workspace/maven-exec-java-quote-bug/target/classes
[DEBUG]   (f) reportDirectory = /home/nemo/workspace/maven-exec-java-quote-bug/target/site
[DEBUG]   (f) retryOnError = true
[DEBUG]   (f) skip = false
[DEBUG]   (f) testOutputDirectory = /home/nemo/workspace/maven-exec-java-quote-bug/target/test-classes
[DEBUG] -- end configuration --
[INFO] Deleting /home/nemo/workspace/maven-exec-java-quote-bug/target
[INFO] Deleting file /home/nemo/workspace/maven-exec-java-quote-bug/target/surefire-reports/TEST-demo.AppTest.xml
[INFO] Deleting file /home/nemo/workspace/maven-exec-java-quote-bug/target/surefire-reports/demo.AppTest.txt
[INFO] Deleting directory /home/nemo/workspace/maven-exec-java-quote-bug/target/surefire-reports
[INFO] Deleting file /home/nemo/workspace/maven-exec-java-quote-bug/target/surefire/surefire7207928717847277043tmp
[INFO] Deleting file /home/nemo/workspace/maven-exec-java-quote-bug/target/surefire/surefirebooter3300137635007456631.jar
[INFO] Deleting file /home/nemo/workspace/maven-exec-java-quote-bug/target/surefire/surefire_05233655338007669556tmp
[INFO] Deleting directory /home/nemo/workspace/maven-exec-java-quote-bug/target/surefire
[INFO] Deleting file /home/nemo/workspace/maven-exec-java-quote-bug/target/test-classes/demo/AppTest.class
[INFO] Deleting directory /home/nemo/workspace/maven-exec-java-quote-bug/target/test-classes/demo
[INFO] Deleting directory /home/nemo/workspace/maven-exec-java-quote-bug/target/test-classes
[INFO] Deleting file /home/nemo/workspace/maven-exec-java-quote-bug/target/classes/demo/App.class
[INFO] Deleting directory /home/nemo/workspace/maven-exec-java-quote-bug/target/classes/demo
[INFO] Deleting directory /home/nemo/workspace/maven-exec-java-quote-bug/target/classes
[INFO] Deleting file /home/nemo/workspace/maven-exec-java-quote-bug/target/exec-java-bug-1.0-SNAPSHOT.jar
[INFO] Deleting file /home/nemo/workspace/maven-exec-java-quote-bug/target/maven-archiver/pom.properties
[INFO] Deleting directory /home/nemo/workspace/maven-exec-java-quote-bug/target/maven-archiver
[INFO] Deleting directory /home/nemo/workspace/maven-exec-java-quote-bug/target
[DEBUG] Skipping non-existing directory /home/nemo/workspace/maven-exec-java-quote-bug/target/classes
[DEBUG] Skipping non-existing directory /home/nemo/workspace/maven-exec-java-quote-bug/target/test-classes
[DEBUG] Skipping non-existing directory /home/nemo/workspace/maven-exec-java-quote-bug/target/site
[INFO] 
[INFO] --- maven-resources-plugin:2.6:resources (default-resources) @ exec-java-bug ---
[DEBUG] Dependency collection stats: {ConflictMarker.analyzeTime=0, ConflictMarker.markTime=1, ConflictMarker.nodeCount=77, ConflictIdSorter.graphTime=0, ConflictIdSorter.topsortTime=1, ConflictIdSorter.conflictIdCount=26, ConflictIdSorter.conflictIdCycleCount=0, ConflictResolver.totalTime=6, ConflictResolver.conflictItemCount=74, DefaultDependencyCollector.collectTime=233, DefaultDependencyCollector.transformTime=8}
[DEBUG] org.apache.maven.plugins:maven-resources-plugin:jar:2.6:
[DEBUG]    org.apache.maven:maven-plugin-api:jar:2.0.6:compile
[DEBUG]    org.apache.maven:maven-project:jar:2.0.6:compile
[DEBUG]       org.apache.maven:maven-profile:jar:2.0.6:compile
[DEBUG]       org.apache.maven:maven-artifact-manager:jar:2.0.6:compile
[DEBUG]       org.apache.maven:maven-plugin-registry:jar:2.0.6:compile
[DEBUG]    org.apache.maven:maven-core:jar:2.0.6:compile
[DEBUG]       org.apache.maven:maven-plugin-parameter-documenter:jar:2.0.6:compile
[DEBUG]       org.apache.maven.reporting:maven-reporting-api:jar:2.0.6:compile
[DEBUG]          org.apache.maven.doxia:doxia-sink-api:jar:1.0-alpha-7:compile
[DEBUG]       org.apache.maven:maven-repository-metadata:jar:2.0.6:compile
[DEBUG]       org.apache.maven:maven-error-diagnostics:jar:2.0.6:compile
[DEBUG]       commons-cli:commons-cli:jar:1.0:compile
[DEBUG]       org.apache.maven:maven-plugin-descriptor:jar:2.0.6:compile
[DEBUG]       org.codehaus.plexus:plexus-interactivity-api:jar:1.0-alpha-4:compile
[DEBUG]       classworlds:classworlds:jar:1.1:compile
[DEBUG]    org.apache.maven:maven-artifact:jar:2.0.6:compile
[DEBUG]    org.apache.maven:maven-settings:jar:2.0.6:compile
[DEBUG]    org.apache.maven:maven-model:jar:2.0.6:compile
[DEBUG]    org.apache.maven:maven-monitor:jar:2.0.6:compile
[DEBUG]    org.codehaus.plexus:plexus-container-default:jar:1.0-alpha-9-stable-1:compile
[DEBUG]       junit:junit:jar:3.8.1:compile
[DEBUG]    org.codehaus.plexus:plexus-utils:jar:2.0.5:compile
[DEBUG]    org.apache.maven.shared:maven-filtering:jar:1.1:compile
[DEBUG]       org.sonatype.plexus:plexus-build-api:jar:0.0.4:compile
[DEBUG]    org.codehaus.plexus:plexus-interpolation:jar:1.13:compile
[DEBUG] Created new class realm plugin>org.apache.maven.plugins:maven-resources-plugin:2.6
[DEBUG] Importing foreign packages into class realm plugin>org.apache.maven.plugins:maven-resources-plugin:2.6
[DEBUG]   Imported:  < maven.api
[DEBUG] Populating class realm plugin>org.apache.maven.plugins:maven-resources-plugin:2.6
[DEBUG]   Included: org.apache.maven.plugins:maven-resources-plugin:jar:2.6
[DEBUG]   Included: org.apache.maven.reporting:maven-reporting-api:jar:2.0.6
[DEBUG]   Included: org.apache.maven.doxia:doxia-sink-api:jar:1.0-alpha-7
[DEBUG]   Included: commons-cli:commons-cli:jar:1.0
[DEBUG]   Included: org.codehaus.plexus:plexus-interactivity-api:jar:1.0-alpha-4
[DEBUG]   Included: junit:junit:jar:3.8.1
[DEBUG]   Included: org.codehaus.plexus:plexus-utils:jar:2.0.5
[DEBUG]   Included: org.apache.maven.shared:maven-filtering:jar:1.1
[DEBUG]   Included: org.sonatype.plexus:plexus-build-api:jar:0.0.4
[DEBUG]   Included: org.codehaus.plexus:plexus-interpolation:jar:1.13
[DEBUG]   Excluded: org.apache.maven:maven-plugin-api:jar:2.0.6
[DEBUG]   Excluded: org.apache.maven:maven-project:jar:2.0.6
[DEBUG]   Excluded: org.apache.maven:maven-profile:jar:2.0.6
[DEBUG]   Excluded: org.apache.maven:maven-artifact-manager:jar:2.0.6
[DEBUG]   Excluded: org.apache.maven:maven-plugin-registry:jar:2.0.6
[DEBUG]   Excluded: org.apache.maven:maven-core:jar:2.0.6
[DEBUG]   Excluded: org.apache.maven:maven-plugin-parameter-documenter:jar:2.0.6
[DEBUG]   Excluded: org.apache.maven:maven-repository-metadata:jar:2.0.6
[DEBUG]   Excluded: org.apache.maven:maven-error-diagnostics:jar:2.0.6
[DEBUG]   Excluded: org.apache.maven:maven-plugin-descriptor:jar:2.0.6
[DEBUG]   Excluded: classworlds:classworlds:jar:1.1
[DEBUG]   Excluded: org.apache.maven:maven-artifact:jar:2.0.6
[DEBUG]   Excluded: org.apache.maven:maven-settings:jar:2.0.6
[DEBUG]   Excluded: org.apache.maven:maven-model:jar:2.0.6
[DEBUG]   Excluded: org.apache.maven:maven-monitor:jar:2.0.6
[DEBUG]   Excluded: org.codehaus.plexus:plexus-container-default:jar:1.0-alpha-9-stable-1
[DEBUG] Configuring mojo org.apache.maven.plugins:maven-resources-plugin:2.6:resources from plugin realm ClassRealm[plugin>org.apache.maven.plugins:maven-resources-plugin:2.6, parent: sun.misc.Launcher$AppClassLoader@bb0620c]
[DEBUG] Configuring mojo 'org.apache.maven.plugins:maven-resources-plugin:2.6:resources' with basic configurator -->
[DEBUG]   (f) buildFilters = []
[DEBUG]   (f) encoding = UTF-8
[DEBUG]   (f) escapeWindowsPaths = true
[DEBUG]   (s) includeEmptyDirs = false
[DEBUG]   (s) outputDirectory = /home/nemo/workspace/maven-exec-java-quote-bug/target/classes
[DEBUG]   (s) overwrite = false
[DEBUG]   (f) project = MavenProject: demo:exec-java-bug:1.0-SNAPSHOT @ /home/nemo/workspace/maven-exec-java-quote-bug/pom.xml
[DEBUG]   (s) resources = [Resource {targetPath: null, filtering: false, FileSet {directory: /home/nemo/workspace/maven-exec-java-quote-bug/src/main/resources, PatternSet [includes: {}, excludes: {}]}}]
[DEBUG]   (f) session = org.apache.maven.execution.MavenSession@23a12376
[DEBUG]   (f) supportMultiLineFiltering = false
[DEBUG]   (f) useBuildFilters = true
[DEBUG]   (s) useDefaultDelimiters = true
[DEBUG] -- end configuration --
[DEBUG] properties used {java.vendor=Oracle Corporation, env.SESSION_MANAGER=local/nemo-P5K:@/tmp/.ICE-unix/2476,unix/nemo-P5K:/tmp/.ICE-unix/2476, env.LESSOPEN=| /usr/bin/lesspipe %s, sun.java.launcher=SUN_STANDARD, sun.management.compiler=HotSpot 64-Bit Tiered Compilers, os.name=Linux, sun.boot.class.path=/usr/lib/jvm/java-7-oracle/jre/lib/resources.jar:/usr/lib/jvm/java-7-oracle/jre/lib/rt.jar:/usr/lib/jvm/java-7-oracle/jre/lib/sunrsasign.jar:/usr/lib/jvm/java-7-oracle/jre/lib/jsse.jar:/usr/lib/jvm/java-7-oracle/jre/lib/jce.jar:/usr/lib/jvm/java-7-oracle/jre/lib/charsets.jar:/usr/lib/jvm/java-7-oracle/jre/lib/jfr.jar:/usr/lib/jvm/java-7-oracle/jre/classes, env.PWD=/home/nemo/workspace/maven-exec-java-quote-bug, env.XDG_SESSION_COOKIE=e31a209625f717f736646b5300000005-1375175594.289294-1010140486, sun.desktop=gnome, env.LANG=en_US.UTF-8, java.vm.specification.vendor=Oracle Corporation, java.runtime.version=1.7.0_25-b15, env.DEFAULTS_PATH=/usr/share/gconf/ubuntu.default.path, project.build.sourceEncoding=UTF-8, env.DISPLAY=:0.0, user.name=nemo, env._=/home/nemo/bin/mvn, maven.build.version=Apache Maven 3.1.0 (893ca28a1da9d5f51ac03827af98bb730128f9f2; 2013-06-28 06:15:32+0400), env.USER=nemo, env.SHELL=/bin/bash, env.DESKTOP_SESSION=ubuntu, env.XDG_DATA_DIRS=/usr/share/ubuntu:/usr/share/gnome:/usr/local/share/:/usr/share/, env.NLSPATH=/usr/dt/lib/nls/msg/%L/%N.cat, env.LC_ADDRESS=ru_RU.UTF-8, env.PATH=/usr/local/heroku/bin:/home/nemo/bin:/usr/lib/lightdm/lightdm:/usr/local/sbin:/usr/local/bin:/usr/sbin:/usr/bin:/sbin:/bin:/usr/games:~/bin, env.XDG_CURRENT_DESKTOP=Unity, user.language=en, env.LC_MONETARY=ru_RU.UTF-8, sun.boot.library.path=/usr/lib/jvm/java-7-oracle/jre/lib/amd64, classworlds.conf=/home/nemo/apache-maven-3.1.0/bin/m2.conf, java.version=1.7.0_25, user.timezone=Europe/Moscow, env.DBUS_SESSION_BUS_ADDRESS=unix:abstract=/tmp/dbus-wmMVEljbI2,guid=85410c83d3b701f6957cb04100000033, sun.arch.data.model=64, env.COMPIZ_CONFIG_PROFILE=ubuntu, env.SSH_AGENT_PID=2582, java.endorsed.dirs=/usr/lib/jvm/java-7-oracle/jre/lib/endorsed, sun.cpu.isalist=, env.LC_PAPER=ru_RU.UTF-8, sun.jnu.encoding=UTF-8, file.encoding.pkg=sun.io, env.SHLVL=1, file.separator=/, java.specification.name=Java Platform API Specification, env.GNOME_DESKTOP_SESSION_ID=this-is-deprecated, java.class.version=51.0, env.GDMSESSION=ubuntu, org.slf4j.simpleLogger.defaultLogLevel=debug, user.country=US, env.GNOME_KEYRING_PID=2459, java.home=/usr/lib/jvm/java-7-oracle/jre, java.vm.info=mixed mode, env.LOGNAME=nemo, os.version=3.2.0-51-generic, path.separator=:, java.vm.version=23.25-b01, env.LANGUAGE=en, env.XDG_SESSION_PATH=/org/freedesktop/DisplayManager/Session0, env.LC_TELEPHONE=ru_RU.UTF-8, env.JAVA_HOME=/usr/lib/jvm/java-7-oracle, java.awt.printerjob=sun.print.PSPrinterJob, env.TERM=xterm, sun.io.unicode.encoding=UnicodeLittle, awt.toolkit=sun.awt.X11.XToolkit, env.LC_MEASUREMENT=ru_RU.UTF-8, user.home=/home/nemo, env.OLDPWD=/home/nemo/workspace/maven-exec-java-quote-bug, java.specification.vendor=Oracle Corporation, env.WINDOWID=52428806, java.library.path=/usr/java/packages/lib/amd64:/usr/lib64:/lib64:/lib:/usr/lib, java.vendor.url=http://java.oracle.com/, java.vm.vendor=Oracle Corporation, maven.home=/home/nemo/apache-maven-3.1.0, java.runtime.name=Java(TM) SE Runtime Environment, sun.java.command=org.codehaus.plexus.classworlds.launcher.Launcher -X clean package, java.class.path=/home/nemo/apache-maven-3.1.0/boot/plexus-classworlds-2.4.2.jar, maven.version=3.1.0, env.UBUNTU_MENUPROXY=libappmenu.so, env.XFILESEARCHPATH=/usr/dt/app-defaults/%L/Dt, java.vm.specification.name=Java Virtual Machine Specification, java.vm.specification.version=1.7, sun.cpu.endian=little, sun.os.patch.level=unknown, env.HOME=/home/nemo, env.LS_COLORS=rs=0:di=01;34:ln=01;36:mh=00:pi=40;33:so=01;35:do=01;35:bd=40;33;01:cd=40;33;01:or=40;31;01:su=37;41:sg=30;43:ca=30;41:tw=30;42:ow=34;42:st=37;44:ex=01;32:*.tar=01;31:*.tgz=01;31:*.arj=01;31:*.taz=01;31:*.lzh=01;31:*.lzma=01;31:*.tlz=01;31:*.txz=01;31:*.zip=01;31:*.z=01;31:*.Z=01;31:*.dz=01;31:*.gz=01;31:*.lz=01;31:*.xz=01;31:*.bz2=01;31:*.bz=01;31:*.tbz=01;31:*.tbz2=01;31:*.tz=01;31:*.deb=01;31:*.rpm=01;31:*.jar=01;31:*.war=01;31:*.ear=01;31:*.sar=01;31:*.rar=01;31:*.ace=01;31:*.zoo=01;31:*.cpio=01;31:*.7z=01;31:*.rz=01;31:*.jpg=01;35:*.jpeg=01;35:*.gif=01;35:*.bmp=01;35:*.pbm=01;35:*.pgm=01;35:*.ppm=01;35:*.tga=01;35:*.xbm=01;35:*.xpm=01;35:*.tif=01;35:*.tiff=01;35:*.png=01;35:*.svg=01;35:*.svgz=01;35:*.mng=01;35:*.pcx=01;35:*.mov=01;35:*.mpg=01;35:*.mpeg=01;35:*.m2v=01;35:*.mkv=01;35:*.webm=01;35:*.ogm=01;35:*.mp4=01;35:*.m4v=01;35:*.mp4v=01;35:*.vob=01;35:*.qt=01;35:*.nuv=01;35:*.wmv=01;35:*.asf=01;35:*.rm=01;35:*.rmvb=01;35:*.flc=01;35:*.avi=01;35:*.fli=01;35:*.flv=01;35:*.gl=01;35:*.dl=01;35:*.xcf=01;35:*.xwd=01;35:*.yuv=01;35:*.cgm=01;35:*.emf=01;35:*.axv=01;35:*.anx=01;35:*.ogv=01;35:*.ogx=01;35:*.aac=00;36:*.au=00;36:*.flac=00;36:*.mid=00;36:*.midi=00;36:*.mka=00;36:*.mp3=00;36:*.mpc=00;36:*.ogg=00;36:*.ra=00;36:*.wav=00;36:*.axa=00;36:*.oga=00;36:*.spx=00;36:*.xspf=00;36:, env.XDG_SEAT_PATH=/org/freedesktop/DisplayManager/Seat0, java.io.tmpdir=/tmp, java.vendor.url.bug=http://bugreport.sun.com/bugreport/, env.SSH_AUTH_SOCK=/tmp/keyring-US7ibt/ssh, env.GIT_SSH=/usr/bin/ssh, os.arch=amd64, java.awt.graphicsenv=sun.awt.X11GraphicsEnvironment, java.ext.dirs=/usr/lib/jvm/java-7-oracle/jre/lib/ext:/usr/java/packages/lib/ext, env.XAUTHORITY=/home/nemo/.Xauthority, user.dir=/home/nemo/workspace/maven-exec-java-quote-bug, env.MANDATORY_PATH=/usr/share/gconf/ubuntu.mandatory.path, line.separator=
, env.LC_NUMERIC=ru_RU.UTF-8, java.vm.name=Java HotSpot(TM) 64-Bit Server VM, env.COLORTERM=gnome-terminal, env.LC_TIME=ru_RU.UTF-8, file.encoding=UTF-8, env.LC_IDENTIFICATION=ru_RU.UTF-8, env.GPG_AGENT_INFO=/tmp/keyring-US7ibt/gpg:0:1, java.specification.version=1.7, env.GNOME_KEYRING_CONTROL=/tmp/keyring-US7ibt, env.XDG_CONFIG_DIRS=/etc/xdg/xdg-ubuntu:/etc/xdg, env.LESSCLOSE=/usr/bin/lesspipe %s %s, env.LC_NAME=ru_RU.UTF-8}
[INFO] Using 'UTF-8' encoding to copy filtered resources.
[DEBUG] resource with targetPath null
directory /home/nemo/workspace/maven-exec-java-quote-bug/src/main/resources
excludes []
includes []
[INFO] skip non existing resourceDirectory /home/nemo/workspace/maven-exec-java-quote-bug/src/main/resources
[DEBUG] no use filter components
[INFO] 
[INFO] --- maven-compiler-plugin:2.5.1:compile (default-compile) @ exec-java-bug ---
[DEBUG] Dependency collection stats: {ConflictMarker.analyzeTime=1, ConflictMarker.markTime=1, ConflictMarker.nodeCount=106, ConflictIdSorter.graphTime=0, ConflictIdSorter.topsortTime=0, ConflictIdSorter.conflictIdCount=27, ConflictIdSorter.conflictIdCycleCount=0, ConflictResolver.totalTime=5, ConflictResolver.conflictItemCount=53, DefaultDependencyCollector.collectTime=158, DefaultDependencyCollector.transformTime=7}
[DEBUG] org.apache.maven.plugins:maven-compiler-plugin:jar:2.5.1:
[DEBUG]    org.apache.maven:maven-plugin-api:jar:2.0.9:compile
[DEBUG]    org.apache.maven:maven-artifact:jar:2.0.9:compile
[DEBUG]    org.apache.maven:maven-core:jar:2.0.9:compile
[DEBUG]       org.apache.maven:maven-settings:jar:2.0.9:compile
[DEBUG]       org.apache.maven:maven-plugin-parameter-documenter:jar:2.0.9:compile
[DEBUG]       org.apache.maven:maven-profile:jar:2.0.9:compile
[DEBUG]       org.apache.maven:maven-model:jar:2.0.9:compile
[DEBUG]       org.apache.maven:maven-repository-metadata:jar:2.0.9:compile
[DEBUG]       org.apache.maven:maven-error-diagnostics:jar:2.0.9:compile
[DEBUG]       org.apache.maven:maven-project:jar:2.0.9:compile
[DEBUG]          org.apache.maven:maven-plugin-registry:jar:2.0.9:compile
[DEBUG]       org.apache.maven:maven-plugin-descriptor:jar:2.0.9:compile
[DEBUG]       org.apache.maven:maven-artifact-manager:jar:2.0.9:compile
[DEBUG]       org.apache.maven:maven-monitor:jar:2.0.9:compile
[DEBUG]    org.apache.maven:maven-toolchain:jar:1.0:compile
[DEBUG]    org.codehaus.plexus:plexus-utils:jar:3.0:compile
[DEBUG]    org.codehaus.plexus:plexus-compiler-api:jar:1.9.1:compile
[DEBUG]    org.codehaus.plexus:plexus-compiler-manager:jar:1.9.1:compile
[DEBUG]    org.codehaus.plexus:plexus-compiler-javac:jar:1.9.1:runtime
[DEBUG]    org.codehaus.plexus:plexus-container-default:jar:1.0-alpha-9-stable-1:compile
[DEBUG]       junit:junit:jar:3.8.1:compile
[DEBUG]       classworlds:classworlds:jar:1.1-alpha-2:compile
[DEBUG] Created new class realm plugin>org.apache.maven.plugins:maven-compiler-plugin:2.5.1
[DEBUG] Importing foreign packages into class realm plugin>org.apache.maven.plugins:maven-compiler-plugin:2.5.1
[DEBUG]   Imported:  < maven.api
[DEBUG] Populating class realm plugin>org.apache.maven.plugins:maven-compiler-plugin:2.5.1
[DEBUG]   Included: org.apache.maven.plugins:maven-compiler-plugin:jar:2.5.1
[DEBUG]   Included: org.codehaus.plexus:plexus-utils:jar:3.0
[DEBUG]   Included: org.codehaus.plexus:plexus-compiler-api:jar:1.9.1
[DEBUG]   Included: org.codehaus.plexus:plexus-compiler-manager:jar:1.9.1
[DEBUG]   Included: org.codehaus.plexus:plexus-compiler-javac:jar:1.9.1
[DEBUG]   Included: junit:junit:jar:3.8.1
[DEBUG]   Excluded: org.apache.maven:maven-plugin-api:jar:2.0.9
[DEBUG]   Excluded: org.apache.maven:maven-artifact:jar:2.0.9
[DEBUG]   Excluded: org.apache.maven:maven-core:jar:2.0.9
[DEBUG]   Excluded: org.apache.maven:maven-settings:jar:2.0.9
[DEBUG]   Excluded: org.apache.maven:maven-plugin-parameter-documenter:jar:2.0.9
[DEBUG]   Excluded: org.apache.maven:maven-profile:jar:2.0.9
[DEBUG]   Excluded: org.apache.maven:maven-model:jar:2.0.9
[DEBUG]   Excluded: org.apache.maven:maven-repository-metadata:jar:2.0.9
[DEBUG]   Excluded: org.apache.maven:maven-error-diagnostics:jar:2.0.9
[DEBUG]   Excluded: org.apache.maven:maven-project:jar:2.0.9
[DEBUG]   Excluded: org.apache.maven:maven-plugin-registry:jar:2.0.9
[DEBUG]   Excluded: org.apache.maven:maven-plugin-descriptor:jar:2.0.9
[DEBUG]   Excluded: org.apache.maven:maven-artifact-manager:jar:2.0.9
[DEBUG]   Excluded: org.apache.maven:maven-monitor:jar:2.0.9
[DEBUG]   Excluded: org.apache.maven:maven-toolchain:jar:1.0
[DEBUG]   Excluded: org.codehaus.plexus:plexus-container-default:jar:1.0-alpha-9-stable-1
[DEBUG]   Excluded: classworlds:classworlds:jar:1.1-alpha-2
[DEBUG] Configuring mojo org.apache.maven.plugins:maven-compiler-plugin:2.5.1:compile from plugin realm ClassRealm[plugin>org.apache.maven.plugins:maven-compiler-plugin:2.5.1, parent: sun.misc.Launcher$AppClassLoader@bb0620c]
[DEBUG] Configuring mojo 'org.apache.maven.plugins:maven-compiler-plugin:2.5.1:compile' with basic configurator -->
[DEBUG]   (f) basedir = /home/nemo/workspace/maven-exec-java-quote-bug
[DEBUG]   (f) buildDirectory = /home/nemo/workspace/maven-exec-java-quote-bug/target
[DEBUG]   (f) classpathElements = [/home/nemo/workspace/maven-exec-java-quote-bug/target/classes]
[DEBUG]   (f) compileSourceRoots = [/home/nemo/workspace/maven-exec-java-quote-bug/src/main/java]
[DEBUG]   (f) compilerId = javac
[DEBUG]   (f) debug = true
[DEBUG]   (f) encoding = UTF-8
[DEBUG]   (f) failOnError = true
[DEBUG]   (f) fork = false
[DEBUG]   (f) generatedSourcesDirectory = /home/nemo/workspace/maven-exec-java-quote-bug/target/generated-sources/annotations
[DEBUG]   (f) optimize = false
[DEBUG]   (f) outputDirectory = /home/nemo/workspace/maven-exec-java-quote-bug/target/classes
[DEBUG]   (f) outputFileName = exec-java-bug-1.0-SNAPSHOT
[DEBUG]   (f) projectArtifact = demo:exec-java-bug:jar:1.0-SNAPSHOT
[DEBUG]   (f) session = org.apache.maven.execution.MavenSession@23a12376
[DEBUG]   (f) showDeprecation = false
[DEBUG]   (f) showWarnings = false
[DEBUG]   (f) source = 1.5
[DEBUG]   (f) staleMillis = 0
[DEBUG]   (f) target = 1.5
[DEBUG]   (f) verbose = false
[DEBUG] -- end configuration --
[DEBUG] Using compiler 'javac'.
[DEBUG] Source directories: [/home/nemo/workspace/maven-exec-java-quote-bug/src/main/java]
[DEBUG] Classpath: [/home/nemo/workspace/maven-exec-java-quote-bug/target/classes]
[DEBUG] Output directory: /home/nemo/workspace/maven-exec-java-quote-bug/target/classes
[DEBUG] CompilerReuseStrategy: reuseCreated
[DEBUG] Classpath:
[DEBUG]  /home/nemo/workspace/maven-exec-java-quote-bug/target/classes
[DEBUG] Source roots:
[DEBUG]  /home/nemo/workspace/maven-exec-java-quote-bug/src/main/java
[DEBUG] Command line options:
[DEBUG] -d /home/nemo/workspace/maven-exec-java-quote-bug/target/classes -classpath /home/nemo/workspace/maven-exec-java-quote-bug/target/classes: -sourcepath /home/nemo/workspace/maven-exec-java-quote-bug/src/main/java: /home/nemo/workspace/maven-exec-java-quote-bug/src/main/java/demo/App.java -g -nowarn -target 1.5 -source 1.5 -encoding UTF-8
[INFO] Compiling 1 source file to /home/nemo/workspace/maven-exec-java-quote-bug/target/classes
[INFO] 
[INFO] --- maven-resources-plugin:2.6:testResources (default-testResources) @ exec-java-bug ---
[DEBUG] Configuring mojo org.apache.maven.plugins:maven-resources-plugin:2.6:testResources from plugin realm ClassRealm[plugin>org.apache.maven.plugins:maven-resources-plugin:2.6, parent: sun.misc.Launcher$AppClassLoader@bb0620c]
[DEBUG] Configuring mojo 'org.apache.maven.plugins:maven-resources-plugin:2.6:testResources' with basic configurator -->
[DEBUG]   (f) buildFilters = []
[DEBUG]   (f) encoding = UTF-8
[DEBUG]   (f) escapeWindowsPaths = true
[DEBUG]   (s) includeEmptyDirs = false
[DEBUG]   (s) outputDirectory = /home/nemo/workspace/maven-exec-java-quote-bug/target/test-classes
[DEBUG]   (s) overwrite = false
[DEBUG]   (f) project = MavenProject: demo:exec-java-bug:1.0-SNAPSHOT @ /home/nemo/workspace/maven-exec-java-quote-bug/pom.xml
[DEBUG]   (s) resources = [Resource {targetPath: null, filtering: false, FileSet {directory: /home/nemo/workspace/maven-exec-java-quote-bug/src/test/resources, PatternSet [includes: {}, excludes: {}]}}]
[DEBUG]   (f) session = org.apache.maven.execution.MavenSession@23a12376
[DEBUG]   (f) supportMultiLineFiltering = false
[DEBUG]   (f) useBuildFilters = true
[DEBUG]   (s) useDefaultDelimiters = true
[DEBUG] -- end configuration --
[DEBUG] properties used {java.vendor=Oracle Corporation, env.SESSION_MANAGER=local/nemo-P5K:@/tmp/.ICE-unix/2476,unix/nemo-P5K:/tmp/.ICE-unix/2476, env.LESSOPEN=| /usr/bin/lesspipe %s, sun.java.launcher=SUN_STANDARD, sun.management.compiler=HotSpot 64-Bit Tiered Compilers, os.name=Linux, sun.boot.class.path=/usr/lib/jvm/java-7-oracle/jre/lib/resources.jar:/usr/lib/jvm/java-7-oracle/jre/lib/rt.jar:/usr/lib/jvm/java-7-oracle/jre/lib/sunrsasign.jar:/usr/lib/jvm/java-7-oracle/jre/lib/jsse.jar:/usr/lib/jvm/java-7-oracle/jre/lib/jce.jar:/usr/lib/jvm/java-7-oracle/jre/lib/charsets.jar:/usr/lib/jvm/java-7-oracle/jre/lib/jfr.jar:/usr/lib/jvm/java-7-oracle/jre/classes, env.PWD=/home/nemo/workspace/maven-exec-java-quote-bug, env.XDG_SESSION_COOKIE=e31a209625f717f736646b5300000005-1375175594.289294-1010140486, sun.desktop=gnome, env.LANG=en_US.UTF-8, java.vm.specification.vendor=Oracle Corporation, java.runtime.version=1.7.0_25-b15, env.DEFAULTS_PATH=/usr/share/gconf/ubuntu.default.path, project.build.sourceEncoding=UTF-8, env.DISPLAY=:0.0, user.name=nemo, env._=/home/nemo/bin/mvn, maven.build.version=Apache Maven 3.1.0 (893ca28a1da9d5f51ac03827af98bb730128f9f2; 2013-06-28 06:15:32+0400), env.USER=nemo, env.SHELL=/bin/bash, env.DESKTOP_SESSION=ubuntu, env.XDG_DATA_DIRS=/usr/share/ubuntu:/usr/share/gnome:/usr/local/share/:/usr/share/, env.NLSPATH=/usr/dt/lib/nls/msg/%L/%N.cat, env.LC_ADDRESS=ru_RU.UTF-8, env.PATH=/usr/local/heroku/bin:/home/nemo/bin:/usr/lib/lightdm/lightdm:/usr/local/sbin:/usr/local/bin:/usr/sbin:/usr/bin:/sbin:/bin:/usr/games:~/bin, env.XDG_CURRENT_DESKTOP=Unity, user.language=en, env.LC_MONETARY=ru_RU.UTF-8, sun.boot.library.path=/usr/lib/jvm/java-7-oracle/jre/lib/amd64, classworlds.conf=/home/nemo/apache-maven-3.1.0/bin/m2.conf, java.version=1.7.0_25, user.timezone=Europe/Moscow, env.DBUS_SESSION_BUS_ADDRESS=unix:abstract=/tmp/dbus-wmMVEljbI2,guid=85410c83d3b701f6957cb04100000033, sun.arch.data.model=64, env.COMPIZ_CONFIG_PROFILE=ubuntu, env.SSH_AGENT_PID=2582, java.endorsed.dirs=/usr/lib/jvm/java-7-oracle/jre/lib/endorsed, sun.cpu.isalist=, env.LC_PAPER=ru_RU.UTF-8, sun.jnu.encoding=UTF-8, file.encoding.pkg=sun.io, env.SHLVL=1, file.separator=/, java.specification.name=Java Platform API Specification, env.GNOME_DESKTOP_SESSION_ID=this-is-deprecated, java.class.version=51.0, env.GDMSESSION=ubuntu, org.slf4j.simpleLogger.defaultLogLevel=debug, user.country=US, env.GNOME_KEYRING_PID=2459, java.home=/usr/lib/jvm/java-7-oracle/jre, java.vm.info=mixed mode, env.LOGNAME=nemo, os.version=3.2.0-51-generic, path.separator=:, java.vm.version=23.25-b01, env.LANGUAGE=en, env.XDG_SESSION_PATH=/org/freedesktop/DisplayManager/Session0, env.LC_TELEPHONE=ru_RU.UTF-8, env.JAVA_HOME=/usr/lib/jvm/java-7-oracle, java.awt.printerjob=sun.print.PSPrinterJob, env.TERM=xterm, sun.io.unicode.encoding=UnicodeLittle, awt.toolkit=sun.awt.X11.XToolkit, env.LC_MEASUREMENT=ru_RU.UTF-8, user.home=/home/nemo, env.OLDPWD=/home/nemo/workspace/maven-exec-java-quote-bug, java.specification.vendor=Oracle Corporation, env.WINDOWID=52428806, java.library.path=/usr/java/packages/lib/amd64:/usr/lib64:/lib64:/lib:/usr/lib, java.vendor.url=http://java.oracle.com/, java.vm.vendor=Oracle Corporation, maven.home=/home/nemo/apache-maven-3.1.0, java.runtime.name=Java(TM) SE Runtime Environment, sun.java.command=org.codehaus.plexus.classworlds.launcher.Launcher -X clean package, java.class.path=/home/nemo/apache-maven-3.1.0/boot/plexus-classworlds-2.4.2.jar, maven.version=3.1.0, env.UBUNTU_MENUPROXY=libappmenu.so, env.XFILESEARCHPATH=/usr/dt/app-defaults/%L/Dt, java.vm.specification.name=Java Virtual Machine Specification, java.vm.specification.version=1.7, sun.cpu.endian=little, sun.os.patch.level=unknown, env.HOME=/home/nemo, env.LS_COLORS=rs=0:di=01;34:ln=01;36:mh=00:pi=40;33:so=01;35:do=01;35:bd=40;33;01:cd=40;33;01:or=40;31;01:su=37;41:sg=30;43:ca=30;41:tw=30;42:ow=34;42:st=37;44:ex=01;32:*.tar=01;31:*.tgz=01;31:*.arj=01;31:*.taz=01;31:*.lzh=01;31:*.lzma=01;31:*.tlz=01;31:*.txz=01;31:*.zip=01;31:*.z=01;31:*.Z=01;31:*.dz=01;31:*.gz=01;31:*.lz=01;31:*.xz=01;31:*.bz2=01;31:*.bz=01;31:*.tbz=01;31:*.tbz2=01;31:*.tz=01;31:*.deb=01;31:*.rpm=01;31:*.jar=01;31:*.war=01;31:*.ear=01;31:*.sar=01;31:*.rar=01;31:*.ace=01;31:*.zoo=01;31:*.cpio=01;31:*.7z=01;31:*.rz=01;31:*.jpg=01;35:*.jpeg=01;35:*.gif=01;35:*.bmp=01;35:*.pbm=01;35:*.pgm=01;35:*.ppm=01;35:*.tga=01;35:*.xbm=01;35:*.xpm=01;35:*.tif=01;35:*.tiff=01;35:*.png=01;35:*.svg=01;35:*.svgz=01;35:*.mng=01;35:*.pcx=01;35:*.mov=01;35:*.mpg=01;35:*.mpeg=01;35:*.m2v=01;35:*.mkv=01;35:*.webm=01;35:*.ogm=01;35:*.mp4=01;35:*.m4v=01;35:*.mp4v=01;35:*.vob=01;35:*.qt=01;35:*.nuv=01;35:*.wmv=01;35:*.asf=01;35:*.rm=01;35:*.rmvb=01;35:*.flc=01;35:*.avi=01;35:*.fli=01;35:*.flv=01;35:*.gl=01;35:*.dl=01;35:*.xcf=01;35:*.xwd=01;35:*.yuv=01;35:*.cgm=01;35:*.emf=01;35:*.axv=01;35:*.anx=01;35:*.ogv=01;35:*.ogx=01;35:*.aac=00;36:*.au=00;36:*.flac=00;36:*.mid=00;36:*.midi=00;36:*.mka=00;36:*.mp3=00;36:*.mpc=00;36:*.ogg=00;36:*.ra=00;36:*.wav=00;36:*.axa=00;36:*.oga=00;36:*.spx=00;36:*.xspf=00;36:, env.XDG_SEAT_PATH=/org/freedesktop/DisplayManager/Seat0, java.io.tmpdir=/tmp, java.vendor.url.bug=http://bugreport.sun.com/bugreport/, env.SSH_AUTH_SOCK=/tmp/keyring-US7ibt/ssh, env.GIT_SSH=/usr/bin/ssh, os.arch=amd64, java.awt.graphicsenv=sun.awt.X11GraphicsEnvironment, java.ext.dirs=/usr/lib/jvm/java-7-oracle/jre/lib/ext:/usr/java/packages/lib/ext, env.XAUTHORITY=/home/nemo/.Xauthority, user.dir=/home/nemo/workspace/maven-exec-java-quote-bug, env.MANDATORY_PATH=/usr/share/gconf/ubuntu.mandatory.path, line.separator=
, env.LC_NUMERIC=ru_RU.UTF-8, java.vm.name=Java HotSpot(TM) 64-Bit Server VM, env.COLORTERM=gnome-terminal, env.LC_TIME=ru_RU.UTF-8, file.encoding=UTF-8, env.LC_IDENTIFICATION=ru_RU.UTF-8, env.GPG_AGENT_INFO=/tmp/keyring-US7ibt/gpg:0:1, java.specification.version=1.7, env.GNOME_KEYRING_CONTROL=/tmp/keyring-US7ibt, env.XDG_CONFIG_DIRS=/etc/xdg/xdg-ubuntu:/etc/xdg, env.LESSCLOSE=/usr/bin/lesspipe %s %s, env.LC_NAME=ru_RU.UTF-8}
[INFO] Using 'UTF-8' encoding to copy filtered resources.
[DEBUG] resource with targetPath null
directory /home/nemo/workspace/maven-exec-java-quote-bug/src/test/resources
excludes []
includes []
[INFO] skip non existing resourceDirectory /home/nemo/workspace/maven-exec-java-quote-bug/src/test/resources
[DEBUG] no use filter components
[INFO] 
[INFO] --- maven-compiler-plugin:2.5.1:testCompile (default-testCompile) @ exec-java-bug ---
[DEBUG] Configuring mojo org.apache.maven.plugins:maven-compiler-plugin:2.5.1:testCompile from plugin realm ClassRealm[plugin>org.apache.maven.plugins:maven-compiler-plugin:2.5.1, parent: sun.misc.Launcher$AppClassLoader@bb0620c]
[DEBUG] Configuring mojo 'org.apache.maven.plugins:maven-compiler-plugin:2.5.1:testCompile' with basic configurator -->
[DEBUG]   (f) basedir = /home/nemo/workspace/maven-exec-java-quote-bug
[DEBUG]   (f) buildDirectory = /home/nemo/workspace/maven-exec-java-quote-bug/target
[DEBUG]   (f) classpathElements = [/home/nemo/workspace/maven-exec-java-quote-bug/target/test-classes, /home/nemo/workspace/maven-exec-java-quote-bug/target/classes, /home/nemo/.m2/repository/junit/junit/3.8.1/junit-3.8.1.jar]
[DEBUG]   (f) compileSourceRoots = [/home/nemo/workspace/maven-exec-java-quote-bug/src/test/java]
[DEBUG]   (f) compilerId = javac
[DEBUG]   (f) debug = true
[DEBUG]   (f) encoding = UTF-8
[DEBUG]   (f) failOnError = true
[DEBUG]   (f) fork = false
[DEBUG]   (f) generatedTestSourcesDirectory = /home/nemo/workspace/maven-exec-java-quote-bug/target/generated-test-sources/test-annotations
[DEBUG]   (f) optimize = false
[DEBUG]   (f) outputDirectory = /home/nemo/workspace/maven-exec-java-quote-bug/target/test-classes
[DEBUG]   (f) outputFileName = exec-java-bug-1.0-SNAPSHOT
[DEBUG]   (f) session = org.apache.maven.execution.MavenSession@23a12376
[DEBUG]   (f) showDeprecation = false
[DEBUG]   (f) showWarnings = false
[DEBUG]   (f) source = 1.5
[DEBUG]   (f) staleMillis = 0
[DEBUG]   (f) target = 1.5
[DEBUG]   (f) verbose = false
[DEBUG] -- end configuration --
[DEBUG] Using compiler 'javac'.
[DEBUG] Source directories: [/home/nemo/workspace/maven-exec-java-quote-bug/src/test/java]
[DEBUG] Classpath: [/home/nemo/workspace/maven-exec-java-quote-bug/target/test-classes
 /home/nemo/workspace/maven-exec-java-quote-bug/target/classes
 /home/nemo/.m2/repository/junit/junit/3.8.1/junit-3.8.1.jar]
[DEBUG] Output directory: /home/nemo/workspace/maven-exec-java-quote-bug/target/test-classes
[DEBUG] CompilerReuseStrategy: reuseCreated
[DEBUG] Classpath:
[DEBUG]  /home/nemo/workspace/maven-exec-java-quote-bug/target/test-classes
[DEBUG]  /home/nemo/workspace/maven-exec-java-quote-bug/target/classes
[DEBUG]  /home/nemo/.m2/repository/junit/junit/3.8.1/junit-3.8.1.jar
[DEBUG] Source roots:
[DEBUG]  /home/nemo/workspace/maven-exec-java-quote-bug/src/test/java
[DEBUG] Command line options:
[DEBUG] -d /home/nemo/workspace/maven-exec-java-quote-bug/target/test-classes -classpath /home/nemo/workspace/maven-exec-java-quote-bug/target/test-classes:/home/nemo/workspace/maven-exec-java-quote-bug/target/classes:/home/nemo/.m2/repository/junit/junit/3.8.1/junit-3.8.1.jar: -sourcepath /home/nemo/workspace/maven-exec-java-quote-bug/src/test/java: /home/nemo/workspace/maven-exec-java-quote-bug/src/test/java/demo/AppTest.java -g -nowarn -target 1.5 -source 1.5 -encoding UTF-8
[INFO] Compiling 1 source file to /home/nemo/workspace/maven-exec-java-quote-bug/target/test-classes
[INFO] 
[INFO] --- maven-surefire-plugin:2.12.4:test (default-test) @ exec-java-bug ---
[DEBUG] Dependency collection stats: {ConflictMarker.analyzeTime=1, ConflictMarker.markTime=1, ConflictMarker.nodeCount=132, ConflictIdSorter.graphTime=1, ConflictIdSorter.topsortTime=0, ConflictIdSorter.conflictIdCount=27, ConflictIdSorter.conflictIdCycleCount=0, ConflictResolver.totalTime=6, ConflictResolver.conflictItemCount=77, DefaultDependencyCollector.collectTime=85, DefaultDependencyCollector.transformTime=9}
[DEBUG] org.apache.maven.plugins:maven-surefire-plugin:jar:2.12.4:
[DEBUG]    org.apache.maven:maven-plugin-api:jar:2.0.9:compile
[DEBUG]    org.apache.maven.surefire:surefire-booter:jar:2.12.4:compile
[DEBUG]       org.apache.maven.surefire:surefire-api:jar:2.12.4:compile
[DEBUG]    org.apache.maven.surefire:maven-surefire-common:jar:2.12.4:compile
[DEBUG]       org.apache.commons:commons-lang3:jar:3.1:compile
[DEBUG]       org.apache.maven.shared:maven-common-artifact-filters:jar:1.3:compile
[DEBUG]    org.codehaus.plexus:plexus-utils:jar:3.0.8:compile
[DEBUG]    org.apache.maven:maven-artifact:jar:2.0.9:compile
[DEBUG]    org.apache.maven:maven-project:jar:2.0.9:compile
[DEBUG]       org.apache.maven:maven-settings:jar:2.0.9:compile
[DEBUG]       org.apache.maven:maven-profile:jar:2.0.9:compile
[DEBUG]       org.apache.maven:maven-model:jar:2.0.9:compile
[DEBUG]       org.apache.maven:maven-artifact-manager:jar:2.0.9:compile
[DEBUG]       org.apache.maven:maven-plugin-registry:jar:2.0.9:compile
[DEBUG]       org.codehaus.plexus:plexus-container-default:jar:1.0-alpha-9-stable-1:compile
[DEBUG]          junit:junit:jar:3.8.1:test
[DEBUG]    org.apache.maven:maven-core:jar:2.0.9:compile
[DEBUG]       org.apache.maven:maven-plugin-parameter-documenter:jar:2.0.9:compile
[DEBUG]       org.apache.maven.reporting:maven-reporting-api:jar:2.0.9:compile
[DEBUG]       org.apache.maven:maven-repository-metadata:jar:2.0.9:compile
[DEBUG]       org.apache.maven:maven-error-diagnostics:jar:2.0.9:compile
[DEBUG]       org.apache.maven:maven-plugin-descriptor:jar:2.0.9:compile
[DEBUG]       org.apache.maven:maven-monitor:jar:2.0.9:compile
[DEBUG]       classworlds:classworlds:jar:1.1:compile
[DEBUG]    org.apache.maven:maven-toolchain:jar:2.0.9:compile
[DEBUG]    org.apache.maven.plugin-tools:maven-plugin-annotations:jar:3.1:compile
[DEBUG] Created new class realm plugin>org.apache.maven.plugins:maven-surefire-plugin:2.12.4
[DEBUG] Importing foreign packages into class realm plugin>org.apache.maven.plugins:maven-surefire-plugin:2.12.4
[DEBUG]   Imported:  < maven.api
[DEBUG] Populating class realm plugin>org.apache.maven.plugins:maven-surefire-plugin:2.12.4
[DEBUG]   Included: org.apache.maven.plugins:maven-surefire-plugin:jar:2.12.4
[DEBUG]   Included: org.apache.maven.surefire:surefire-booter:jar:2.12.4
[DEBUG]   Included: org.apache.maven.surefire:surefire-api:jar:2.12.4
[DEBUG]   Included: org.apache.maven.surefire:maven-surefire-common:jar:2.12.4
[DEBUG]   Included: org.apache.commons:commons-lang3:jar:3.1
[DEBUG]   Included: org.apache.maven.shared:maven-common-artifact-filters:jar:1.3
[DEBUG]   Included: org.codehaus.plexus:plexus-utils:jar:3.0.8
[DEBUG]   Included: org.apache.maven.reporting:maven-reporting-api:jar:2.0.9
[DEBUG]   Included: org.apache.maven.plugin-tools:maven-plugin-annotations:jar:3.1
[DEBUG]   Excluded: org.apache.maven:maven-plugin-api:jar:2.0.9
[DEBUG]   Excluded: org.apache.maven:maven-artifact:jar:2.0.9
[DEBUG]   Excluded: org.apache.maven:maven-project:jar:2.0.9
[DEBUG]   Excluded: org.apache.maven:maven-settings:jar:2.0.9
[DEBUG]   Excluded: org.apache.maven:maven-profile:jar:2.0.9
[DEBUG]   Excluded: org.apache.maven:maven-model:jar:2.0.9
[DEBUG]   Excluded: org.apache.maven:maven-artifact-manager:jar:2.0.9
[DEBUG]   Excluded: org.apache.maven:maven-plugin-registry:jar:2.0.9
[DEBUG]   Excluded: org.codehaus.plexus:plexus-container-default:jar:1.0-alpha-9-stable-1
[DEBUG]   Excluded: junit:junit:jar:3.8.1
[DEBUG]   Excluded: org.apache.maven:maven-core:jar:2.0.9
[DEBUG]   Excluded: org.apache.maven:maven-plugin-parameter-documenter:jar:2.0.9
[DEBUG]   Excluded: org.apache.maven:maven-repository-metadata:jar:2.0.9
[DEBUG]   Excluded: org.apache.maven:maven-error-diagnostics:jar:2.0.9
[DEBUG]   Excluded: org.apache.maven:maven-plugin-descriptor:jar:2.0.9
[DEBUG]   Excluded: org.apache.maven:maven-monitor:jar:2.0.9
[DEBUG]   Excluded: classworlds:classworlds:jar:1.1
[DEBUG]   Excluded: org.apache.maven:maven-toolchain:jar:2.0.9
[DEBUG] Configuring mojo org.apache.maven.plugins:maven-surefire-plugin:2.12.4:test from plugin realm ClassRealm[plugin>org.apache.maven.plugins:maven-surefire-plugin:2.12.4, parent: sun.misc.Launcher$AppClassLoader@bb0620c]
[DEBUG] Configuring mojo 'org.apache.maven.plugins:maven-surefire-plugin:2.12.4:test' with basic configurator -->
[DEBUG]   (s) basedir = /home/nemo/workspace/maven-exec-java-quote-bug
[DEBUG]   (s) childDelegation = false
[DEBUG]   (s) classesDirectory = /home/nemo/workspace/maven-exec-java-quote-bug/target/classes
[DEBUG]   (s) disableXmlReport = false
[DEBUG]   (s) enableAssertions = true
[DEBUG]   (s) forkMode = once
[DEBUG]   (s) junitArtifactName = junit:junit
[DEBUG]   (s) localRepository =        id: local
      url: file:///home/nemo/.m2/repository/
   layout: none

[DEBUG]   (f) parallelMavenExecution = false
[DEBUG]   (s) perCoreThreadCount = true
[DEBUG]   (s) pluginArtifactMap = {org.apache.maven.plugins:maven-surefire-plugin=org.apache.maven.plugins:maven-surefire-plugin:maven-plugin:2.12.4:, org.apache.maven.surefire:surefire-booter=org.apache.maven.surefire:surefire-booter:jar:2.12.4:compile, org.apache.maven.surefire:surefire-api=org.apache.maven.surefire:surefire-api:jar:2.12.4:compile, org.apache.maven.surefire:maven-surefire-common=org.apache.maven.surefire:maven-surefire-common:jar:2.12.4:compile, org.apache.commons:commons-lang3=org.apache.commons:commons-lang3:jar:3.1:compile, org.apache.maven.shared:maven-common-artifact-filters=org.apache.maven.shared:maven-common-artifact-filters:jar:1.3:compile, org.codehaus.plexus:plexus-utils=org.codehaus.plexus:plexus-utils:jar:3.0.8:compile, org.apache.maven.reporting:maven-reporting-api=org.apache.maven.reporting:maven-reporting-api:jar:2.0.9:compile, org.apache.maven.plugin-tools:maven-plugin-annotations=org.apache.maven.plugin-tools:maven-plugin-annotations:jar:3.1:compile}
[DEBUG]   (f) pluginDescriptor = Component Descriptor: role: 'org.apache.maven.plugin.Mojo', implementation: 'org.apache.maven.plugin.surefire.HelpMojo', role hint: 'org.apache.maven.plugins:maven-surefire-plugin:2.12.4:help'
role: 'org.apache.maven.plugin.Mojo', implementation: 'org.apache.maven.plugin.surefire.SurefirePlugin', role hint: 'org.apache.maven.plugins:maven-surefire-plugin:2.12.4:test'
---
[DEBUG]   (s) printSummary = true
[DEBUG]   (s) projectArtifactMap = {junit:junit=junit:junit:jar:3.8.1:test}
[DEBUG]   (s) redirectTestOutputToFile = false
[DEBUG]   (s) remoteRepositories = [       id: central
      url: http://repo.maven.apache.org/maven2
   layout: default
snapshots: [enabled => false, update => daily]
 releases: [enabled => true, update => never]
]
[DEBUG]   (s) reportFormat = brief
[DEBUG]   (s) reportsDirectory = /home/nemo/workspace/maven-exec-java-quote-bug/target/surefire-reports
[DEBUG]   (s) runOrder = filesystem
[DEBUG]   (s) skip = false
[DEBUG]   (s) skipTests = false
[DEBUG]   (s) testClassesDirectory = /home/nemo/workspace/maven-exec-java-quote-bug/target/test-classes
[DEBUG]   (s) testFailureIgnore = false
[DEBUG]   (s) testNGArtifactName = org.testng:testng
[DEBUG]   (s) testSourceDirectory = /home/nemo/workspace/maven-exec-java-quote-bug/src/test/java
[DEBUG]   (s) trimStackTrace = true
[DEBUG]   (s) useFile = true
[DEBUG]   (s) useManifestOnlyJar = true
[DEBUG]   (s) useSystemClassLoader = true
[DEBUG]   (s) useUnlimitedThreads = false
[DEBUG]   (s) workingDirectory = /home/nemo/workspace/maven-exec-java-quote-bug
[DEBUG]   (s) project = MavenProject: demo:exec-java-bug:1.0-SNAPSHOT @ /home/nemo/workspace/maven-exec-java-quote-bug/pom.xml
[DEBUG]   (s) session = org.apache.maven.execution.MavenSession@23a12376
[DEBUG] -- end configuration --
[INFO] Surefire report directory: /home/nemo/workspace/maven-exec-java-quote-bug/target/surefire-reports
[DEBUG] Setting system property [user.dir]=[/home/nemo/workspace/maven-exec-java-quote-bug]
[DEBUG] Setting system property [localRepository]=[/home/nemo/.m2/repository]
[DEBUG] Setting system property [basedir]=[/home/nemo/workspace/maven-exec-java-quote-bug]
[DEBUG] dummy:dummy:jar:1.0 (selected for null)
[DEBUG]   org.apache.maven.surefire:surefire-booter:jar:2.12.4:compile (selected for compile)
[DEBUG]     org.apache.maven.surefire:surefire-api:jar:2.12.4:compile (selected for compile)
[DEBUG] Adding to surefire booter test classpath: /home/nemo/.m2/repository/org/apache/maven/surefire/surefire-booter/2.12.4/surefire-booter-2.12.4.jar Scope: compile
[DEBUG] Adding to surefire booter test classpath: /home/nemo/.m2/repository/org/apache/maven/surefire/surefire-api/2.12.4/surefire-api-2.12.4.jar Scope: compile
[DEBUG] Using JVM: /usr/lib/jvm/java-7-oracle/jre/bin/java
[DEBUG] dummy:dummy:jar:1.0 (selected for null)
[DEBUG]   org.apache.maven.surefire:surefire-junit3:jar:2.12.4:test (selected for test)
[DEBUG]     org.apache.maven.surefire:surefire-api:jar:2.12.4:test (selected for test)
[DEBUG] Adding to surefire test classpath: /home/nemo/.m2/repository/org/apache/maven/surefire/surefire-junit3/2.12.4/surefire-junit3-2.12.4.jar Scope: test
[DEBUG] Adding to surefire test classpath: /home/nemo/.m2/repository/org/apache/maven/surefire/surefire-api/2.12.4/surefire-api-2.12.4.jar Scope: test
[DEBUG] test classpath classpath:
[DEBUG]   /home/nemo/workspace/maven-exec-java-quote-bug/target/test-classes
[DEBUG]   /home/nemo/workspace/maven-exec-java-quote-bug/target/classes
[DEBUG]   /home/nemo/.m2/repository/junit/junit/3.8.1/junit-3.8.1.jar
[DEBUG] provider classpath classpath:
[DEBUG]   /home/nemo/.m2/repository/org/apache/maven/surefire/surefire-junit3/2.12.4/surefire-junit3-2.12.4.jar
[DEBUG]   /home/nemo/.m2/repository/org/apache/maven/surefire/surefire-api/2.12.4/surefire-api-2.12.4.jar

-------------------------------------------------------
 T E S T S
-------------------------------------------------------
Forking command line: /bin/sh -c cd /home/nemo/workspace/maven-exec-java-quote-bug && /usr/lib/jvm/java-7-oracle/jre/bin/java -jar /home/nemo/workspace/maven-exec-java-quote-bug/target/surefire/surefirebooter788892191837144985.jar /home/nemo/workspace/maven-exec-java-quote-bug/target/surefire/surefire7562054217049339939tmp /home/nemo/workspace/maven-exec-java-quote-bug/target/surefire/surefire_07367301371000478545tmp
Running demo.AppTest
Tests run: 1, Failures: 0, Errors: 0, Skipped: 0, Time elapsed: 0.016 sec

Results :

Tests run: 1, Failures: 0, Errors: 0, Skipped: 0

[INFO] 
[INFO] --- maven-jar-plugin:2.4:jar (default-jar) @ exec-java-bug ---
[DEBUG] Dependency collection stats: {ConflictMarker.analyzeTime=1, ConflictMarker.markTime=1, ConflictMarker.nodeCount=74, ConflictIdSorter.graphTime=0, ConflictIdSorter.topsortTime=0, ConflictIdSorter.conflictIdCount=28, ConflictIdSorter.conflictIdCycleCount=0, ConflictResolver.totalTime=6, ConflictResolver.conflictItemCount=70, DefaultDependencyCollector.collectTime=34, DefaultDependencyCollector.transformTime=8}
[DEBUG] org.apache.maven.plugins:maven-jar-plugin:jar:2.4:
[DEBUG]    org.apache.maven:maven-plugin-api:jar:2.0.6:compile
[DEBUG]    org.apache.maven:maven-project:jar:2.0.6:compile
[DEBUG]       org.apache.maven:maven-settings:jar:2.0.6:compile
[DEBUG]       org.apache.maven:maven-profile:jar:2.0.6:compile
[DEBUG]       org.apache.maven:maven-artifact-manager:jar:2.0.6:compile
[DEBUG]          org.apache.maven:maven-repository-metadata:jar:2.0.6:compile
[DEBUG]       org.apache.maven:maven-plugin-registry:jar:2.0.6:compile
[DEBUG]       org.codehaus.plexus:plexus-container-default:jar:1.0-alpha-9-stable-1:compile
[DEBUG]          junit:junit:jar:3.8.1:compile
[DEBUG]          classworlds:classworlds:jar:1.1-alpha-2:compile
[DEBUG]    org.apache.maven:maven-model:jar:2.0.6:runtime
[DEBUG]    org.apache.maven:maven-artifact:jar:2.0.6:compile
[DEBUG]    org.apache.maven:maven-archiver:jar:2.5:compile
[DEBUG]       org.apache.maven:maven-core:jar:2.0.6:compile
[DEBUG]          org.apache.maven:maven-plugin-parameter-documenter:jar:2.0.6:compile
[DEBUG]          org.apache.maven.reporting:maven-reporting-api:jar:2.0.6:compile
[DEBUG]             org.apache.maven.doxia:doxia-sink-api:jar:1.0-alpha-7:compile
[DEBUG]          org.apache.maven:maven-error-diagnostics:jar:2.0.6:compile
[DEBUG]          commons-cli:commons-cli:jar:1.0:compile
[DEBUG]          org.apache.maven:maven-plugin-descriptor:jar:2.0.6:compile
[DEBUG]          org.codehaus.plexus:plexus-interactivity-api:jar:1.0-alpha-4:compile
[DEBUG]          org.apache.maven:maven-monitor:jar:2.0.6:compile
[DEBUG]       org.codehaus.plexus:plexus-interpolation:jar:1.15:compile
[DEBUG]    org.codehaus.plexus:plexus-archiver:jar:2.1:compile
[DEBUG]       org.codehaus.plexus:plexus-io:jar:2.0.2:compile
[DEBUG]    commons-lang:commons-lang:jar:2.1:compile
[DEBUG]    org.codehaus.plexus:plexus-utils:jar:3.0:compile
[DEBUG] Created new class realm plugin>org.apache.maven.plugins:maven-jar-plugin:2.4
[DEBUG] Importing foreign packages into class realm plugin>org.apache.maven.plugins:maven-jar-plugin:2.4
[DEBUG]   Imported:  < maven.api
[DEBUG] Populating class realm plugin>org.apache.maven.plugins:maven-jar-plugin:2.4
[DEBUG]   Included: org.apache.maven.plugins:maven-jar-plugin:jar:2.4
[DEBUG]   Included: junit:junit:jar:3.8.1
[DEBUG]   Included: org.apache.maven:maven-archiver:jar:2.5
[DEBUG]   Included: org.apache.maven.reporting:maven-reporting-api:jar:2.0.6
[DEBUG]   Included: org.apache.maven.doxia:doxia-sink-api:jar:1.0-alpha-7
[DEBUG]   Included: commons-cli:commons-cli:jar:1.0
[DEBUG]   Included: org.codehaus.plexus:plexus-interactivity-api:jar:1.0-alpha-4
[DEBUG]   Included: org.codehaus.plexus:plexus-interpolation:jar:1.15
[DEBUG]   Included: org.codehaus.plexus:plexus-archiver:jar:2.1
[DEBUG]   Included: org.codehaus.plexus:plexus-io:jar:2.0.2
[DEBUG]   Included: commons-lang:commons-lang:jar:2.1
[DEBUG]   Included: org.codehaus.plexus:plexus-utils:jar:3.0
[DEBUG]   Excluded: org.apache.maven:maven-plugin-api:jar:2.0.6
[DEBUG]   Excluded: org.apache.maven:maven-project:jar:2.0.6
[DEBUG]   Excluded: org.apache.maven:maven-settings:jar:2.0.6
[DEBUG]   Excluded: org.apache.maven:maven-profile:jar:2.0.6
[DEBUG]   Excluded: org.apache.maven:maven-artifact-manager:jar:2.0.6
[DEBUG]   Excluded: org.apache.maven:maven-repository-metadata:jar:2.0.6
[DEBUG]   Excluded: org.apache.maven:maven-plugin-registry:jar:2.0.6
[DEBUG]   Excluded: org.codehaus.plexus:plexus-container-default:jar:1.0-alpha-9-stable-1
[DEBUG]   Excluded: classworlds:classworlds:jar:1.1-alpha-2
[DEBUG]   Excluded: org.apache.maven:maven-model:jar:2.0.6
[DEBUG]   Excluded: org.apache.maven:maven-artifact:jar:2.0.6
[DEBUG]   Excluded: org.apache.maven:maven-core:jar:2.0.6
[DEBUG]   Excluded: org.apache.maven:maven-plugin-parameter-documenter:jar:2.0.6
[DEBUG]   Excluded: org.apache.maven:maven-error-diagnostics:jar:2.0.6
[DEBUG]   Excluded: org.apache.maven:maven-plugin-descriptor:jar:2.0.6
[DEBUG]   Excluded: org.apache.maven:maven-monitor:jar:2.0.6
[DEBUG] Configuring mojo org.apache.maven.plugins:maven-jar-plugin:2.4:jar from plugin realm ClassRealm[plugin>org.apache.maven.plugins:maven-jar-plugin:2.4, parent: sun.misc.Launcher$AppClassLoader@bb0620c]
[DEBUG] Configuring mojo 'org.apache.maven.plugins:maven-jar-plugin:2.4:jar' with basic configurator -->
[DEBUG]   (f) classesDirectory = /home/nemo/workspace/maven-exec-java-quote-bug/target/classes
[DEBUG]   (f) defaultManifestFile = /home/nemo/workspace/maven-exec-java-quote-bug/target/classes/META-INF/MANIFEST.MF
[DEBUG]   (f) finalName = exec-java-bug-1.0-SNAPSHOT
[DEBUG]   (f) forceCreation = false
[DEBUG]   (f) outputDirectory = /home/nemo/workspace/maven-exec-java-quote-bug/target
[DEBUG]   (f) project = MavenProject: demo:exec-java-bug:1.0-SNAPSHOT @ /home/nemo/workspace/maven-exec-java-quote-bug/pom.xml
[DEBUG]   (f) session = org.apache.maven.execution.MavenSession@23a12376
[DEBUG]   (f) skipIfEmpty = false
[DEBUG]   (f) useDefaultManifestFile = false
[DEBUG] -- end configuration --
[DEBUG] isUp2date: false (Destination /home/nemo/workspace/maven-exec-java-quote-bug/target/exec-java-bug-1.0-SNAPSHOT.jar not found.)
[INFO] Building jar: /home/nemo/workspace/maven-exec-java-quote-bug/target/exec-java-bug-1.0-SNAPSHOT.jar
[DEBUG] adding directory META-INF/
[DEBUG] adding entry META-INF/MANIFEST.MF
[DEBUG] adding directory demo/
[DEBUG] adding entry demo/App.class
[DEBUG] adding directory META-INF/maven/
[DEBUG] adding directory META-INF/maven/demo/
[DEBUG] adding directory META-INF/maven/demo/exec-java-bug/
[DEBUG] adding entry META-INF/maven/demo/exec-java-bug/pom.xml
[DEBUG] adding entry META-INF/maven/demo/exec-java-bug/pom.properties
[INFO] ------------------------------------------------------------------------
[INFO] BUILD SUCCESS
[INFO] ------------------------------------------------------------------------
[INFO] Total time: 2.864s
[INFO] Finished at: Tue Jul 30 18:28:15 MSK 2013
[INFO] Final Memory: 14M/159M
[INFO] ------------------------------------------------------------------------
